{"/Users/alaneicker/Desktop/react-user-registration-and-login/src/App.js": {"path":"/Users/alaneicker/Desktop/react-user-registration-and-login/src/App.js","statementMap":{"0":{"start":{"line":15,"column":26},"end":{"line":15,"column":43}},"1":{"start":{"line":17,"column":12},"end":{"line":40,"column":1}},"2":{"start":{"line":18,"column":28},"end":{"line":18,"column":61}},"3":{"start":{"line":20,"column":2},"end":{"line":26,"column":5}},"4":{"start":{"line":21,"column":4},"end":{"line":25,"column":5}},"5":{"start":{"line":22,"column":6},"end":{"line":24,"column":15}},"6":{"start":{"line":23,"column":8},"end":{"line":23,"column":64}},"7":{"start":{"line":28,"column":2},"end":{"line":39,"column":4}}},"fnMap":{"0":{"name":"(anonymous_0)","decl":{"start":{"line":17,"column":12},"end":{"line":17,"column":13}},"loc":{"start":{"line":17,"column":18},"end":{"line":40,"column":1}},"line":17},"1":{"name":"(anonymous_1)","decl":{"start":{"line":20,"column":12},"end":{"line":20,"column":13}},"loc":{"start":{"line":20,"column":18},"end":{"line":26,"column":3}},"line":20},"2":{"name":"(anonymous_2)","decl":{"start":{"line":22,"column":17},"end":{"line":22,"column":18}},"loc":{"start":{"line":22,"column":23},"end":{"line":24,"column":7}},"line":22}},"branchMap":{"0":{"loc":{"start":{"line":21,"column":4},"end":{"line":25,"column":5}},"type":"if","locations":[{"start":{"line":21,"column":4},"end":{"line":25,"column":5}},{"start":{"line":21,"column":4},"end":{"line":25,"column":5}}],"line":21},"1":{"loc":{"start":{"line":30,"column":7},"end":{"line":30,"column":45}},"type":"cond-expr","locations":[{"start":{"line":30,"column":27},"end":{"line":30,"column":38}},{"start":{"line":30,"column":41},"end":{"line":30,"column":45}}],"line":30},"2":{"loc":{"start":{"line":31,"column":7},"end":{"line":31,"column":73}},"type":"cond-expr","locations":[{"start":{"line":31,"column":23},"end":{"line":31,"column":66}},{"start":{"line":31,"column":69},"end":{"line":31,"column":73}}],"line":31}},"s":{"0":3,"1":3,"2":1,"3":1,"4":0,"5":0,"6":0,"7":1},"f":{"0":1,"1":0,"2":0},"b":{"0":[0,0],"1":[0,1],"2":[0,1]},"_coverageSchema":"1a1c01bbd47fc00a2c39e90264f33305004495a9","hash":"582ee9be920ebfdbe0f515649f4eab15fb231a3c"}
,"/Users/alaneicker/Desktop/react-user-registration-and-login/src/actions/verify-user.js": {"path":"/Users/alaneicker/Desktop/react-user-registration-and-login/src/actions/verify-user.js","statementMap":{"0":{"start":{"line":1,"column":26},"end":{"line":24,"column":1}},"1":{"start":{"line":2,"column":2},"end":{"line":23,"column":3}},"2":{"start":{"line":3,"column":29},"end":{"line":3,"column":85}},"3":{"start":{"line":4,"column":37},"end":{"line":4,"column":66}},"4":{"start":{"line":6,"column":4},"end":{"line":15,"column":5}},"5":{"start":{"line":7,"column":6},"end":{"line":10,"column":9}},"6":{"start":{"line":12,"column":6},"end":{"line":12,"column":35}},"7":{"start":{"line":14,"column":6},"end":{"line":14,"column":52}},"8":{"start":{"line":17,"column":4},"end":{"line":20,"column":7}},"9":{"start":{"line":22,"column":4},"end":{"line":22,"column":33}}},"fnMap":{"0":{"name":"(anonymous_0)","decl":{"start":{"line":1,"column":26},"end":{"line":1,"column":27}},"loc":{"start":{"line":1,"column":53},"end":{"line":24,"column":1}},"line":1}},"branchMap":{"0":{"loc":{"start":{"line":6,"column":4},"end":{"line":15,"column":5}},"type":"if","locations":[{"start":{"line":6,"column":4},"end":{"line":15,"column":5}},{"start":{"line":6,"column":4},"end":{"line":15,"column":5}}],"line":6},"1":{"loc":{"start":{"line":6,"column":8},"end":{"line":6,"column":25}},"type":"binary-expr","locations":[{"start":{"line":6,"column":8},"end":{"line":6,"column":13}},{"start":{"line":6,"column":17},"end":{"line":6,"column":25}}],"line":6}},"s":{"0":3,"1":0,"2":0,"3":0,"4":0,"5":0,"6":0,"7":0,"8":0,"9":0},"f":{"0":0},"b":{"0":[0,0],"1":[0,0]},"_coverageSchema":"1a1c01bbd47fc00a2c39e90264f33305004495a9","hash":"98a3b5874900cf2dde9a3231150c1b0b7e21e28a"}
,"/Users/alaneicker/Desktop/react-user-registration-and-login/src/components/alert/index.js": {"path":"/Users/alaneicker/Desktop/react-user-registration-and-login/src/components/alert/index.js","statementMap":{"0":{"start":{"line":5,"column":14},"end":{"line":13,"column":1}},"1":{"start":{"line":6,"column":32},"end":{"line":6,"column":37}},"2":{"start":{"line":8,"column":2},"end":{"line":12,"column":4}},"3":{"start":{"line":15,"column":0},"end":{"line":22,"column":2}},"4":{"start":{"line":24,"column":0},"end":{"line":28,"column":2}}},"fnMap":{"0":{"name":"(anonymous_0)","decl":{"start":{"line":5,"column":14},"end":{"line":5,"column":15}},"loc":{"start":{"line":5,"column":23},"end":{"line":13,"column":1}},"line":5}},"branchMap":{},"s":{"0":4,"1":1,"2":1,"3":4,"4":4},"f":{"0":1},"b":{},"_coverageSchema":"1a1c01bbd47fc00a2c39e90264f33305004495a9","hash":"3d6d8521af3f6fddc9b6b7e42bfbd882df510add"}
,"/Users/alaneicker/Desktop/react-user-registration-and-login/src/components/overlay/index.js": {"path":"/Users/alaneicker/Desktop/react-user-registration-and-login/src/components/overlay/index.js","statementMap":{"0":{"start":{"line":4,"column":16},"end":{"line":6,"column":1}},"1":{"start":{"line":5,"column":2},"end":{"line":5,"column":41}}},"fnMap":{"0":{"name":"(anonymous_0)","decl":{"start":{"line":4,"column":16},"end":{"line":4,"column":17}},"loc":{"start":{"line":4,"column":22},"end":{"line":6,"column":1}},"line":4}},"branchMap":{},"s":{"0":4,"1":1},"f":{"0":1},"b":{},"_coverageSchema":"1a1c01bbd47fc00a2c39e90264f33305004495a9","hash":"2a258d40b61cff5dd24961f6584f00a2417ec49b"}
,"/Users/alaneicker/Desktop/react-user-registration-and-login/src/components/user-form/index.js": {"path":"/Users/alaneicker/Desktop/react-user-registration-and-login/src/components/user-form/index.js","statementMap":{"0":{"start":{"line":8,"column":25},"end":{"line":11,"column":2}},"1":{"start":{"line":13,"column":17},"end":{"line":70,"column":1}},"2":{"start":{"line":14,"column":52},"end":{"line":14,"column":57}},"3":{"start":{"line":22,"column":6},"end":{"line":31,"column":4}},"4":{"start":{"line":29,"column":6},"end":{"line":29,"column":34}},"5":{"start":{"line":33,"column":2},"end":{"line":69,"column":4}},"6":{"start":{"line":72,"column":0},"end":{"line":76,"column":2}},"7":{"start":{"line":78,"column":0},"end":{"line":82,"column":2}}},"fnMap":{"0":{"name":"(anonymous_0)","decl":{"start":{"line":13,"column":17},"end":{"line":13,"column":18}},"loc":{"start":{"line":13,"column":26},"end":{"line":70,"column":1}},"line":13},"1":{"name":"(anonymous_1)","decl":{"start":{"line":28,"column":14},"end":{"line":28,"column":15}},"loc":{"start":{"line":28,"column":24},"end":{"line":30,"column":5}},"line":28},"2":{"name":"(anonymous_2)","decl":{"start":{"line":80,"column":23},"end":{"line":80,"column":24}},"loc":{"start":{"line":80,"column":29},"end":{"line":80,"column":31}},"line":80}},"branchMap":{"0":{"loc":{"start":{"line":35,"column":7},"end":{"line":35,"column":115}},"type":"cond-expr","locations":[{"start":{"line":35,"column":15},"end":{"line":35,"column":108}},{"start":{"line":35,"column":111},"end":{"line":35,"column":115}}],"line":35},"1":{"loc":{"start":{"line":36,"column":7},"end":{"line":36,"column":110}},"type":"cond-expr","locations":[{"start":{"line":36,"column":19},"end":{"line":36,"column":103}},{"start":{"line":36,"column":106},"end":{"line":36,"column":110}}],"line":36},"2":{"loc":{"start":{"line":47,"column":9},"end":{"line":49,"column":16}},"type":"cond-expr","locations":[{"start":{"line":48,"column":12},"end":{"line":48,"column":86}},{"start":{"line":49,"column":12},"end":{"line":49,"column":16}}],"line":47},"3":{"loc":{"start":{"line":47,"column":9},"end":{"line":47,"column":44}},"type":"binary-expr","locations":[{"start":{"line":47,"column":9},"end":{"line":47,"column":24}},{"start":{"line":47,"column":28},"end":{"line":47,"column":44}}],"line":47},"4":{"loc":{"start":{"line":62,"column":9},"end":{"line":64,"column":16}},"type":"cond-expr","locations":[{"start":{"line":63,"column":12},"end":{"line":63,"column":86}},{"start":{"line":64,"column":12},"end":{"line":64,"column":16}}],"line":62},"5":{"loc":{"start":{"line":62,"column":9},"end":{"line":62,"column":44}},"type":"binary-expr","locations":[{"start":{"line":62,"column":9},"end":{"line":62,"column":24}},{"start":{"line":62,"column":28},"end":{"line":62,"column":44}}],"line":62}},"s":{"0":4,"1":4,"2":1,"3":1,"4":0,"5":1,"6":4,"7":4},"f":{"0":1,"1":0,"2":0},"b":{"0":[0,1],"1":[0,1],"2":[0,1],"3":[1,0],"4":[0,1],"5":[1,0]},"_coverageSchema":"1a1c01bbd47fc00a2c39e90264f33305004495a9","hash":"6150eccc2eccbcefe3684e355f1972b0c21b5f9f"}
,"/Users/alaneicker/Desktop/react-user-registration-and-login/src/components/user-list/index.js": {"path":"/Users/alaneicker/Desktop/react-user-registration-and-login/src/components/user-list/index.js","statementMap":{"0":{"start":{"line":6,"column":17},"end":{"line":33,"column":1}},"1":{"start":{"line":7,"column":30},"end":{"line":7,"column":52}},"2":{"start":{"line":9,"column":2},"end":{"line":18,"column":9}},"3":{"start":{"line":10,"column":21},"end":{"line":15,"column":5}},"4":{"start":{"line":11,"column":23},"end":{"line":11,"column":72}},"5":{"start":{"line":12,"column":20},"end":{"line":12,"column":41}},"6":{"start":{"line":14,"column":6},"end":{"line":14,"column":54}},"7":{"start":{"line":17,"column":4},"end":{"line":17,"column":15}},"8":{"start":{"line":20,"column":2},"end":{"line":32,"column":4}},"9":{"start":{"line":23,"column":38},"end":{"line":23,"column":42}},"10":{"start":{"line":24,"column":8},"end":{"line":29,"column":10}}},"fnMap":{"0":{"name":"(anonymous_0)","decl":{"start":{"line":6,"column":17},"end":{"line":6,"column":18}},"loc":{"start":{"line":6,"column":23},"end":{"line":33,"column":1}},"line":6},"1":{"name":"(anonymous_1)","decl":{"start":{"line":9,"column":12},"end":{"line":9,"column":13}},"loc":{"start":{"line":9,"column":18},"end":{"line":18,"column":3}},"line":9},"2":{"name":"(anonymous_2)","decl":{"start":{"line":10,"column":21},"end":{"line":10,"column":22}},"loc":{"start":{"line":10,"column":33},"end":{"line":15,"column":5}},"line":10},"3":{"name":"(anonymous_3)","decl":{"start":{"line":22,"column":23},"end":{"line":22,"column":24}},"loc":{"start":{"line":22,"column":31},"end":{"line":30,"column":7}},"line":22}},"branchMap":{},"s":{"0":3,"1":2,"2":2,"3":2,"4":2,"5":0,"6":0,"7":2,"8":2,"9":2,"10":2},"f":{"0":2,"1":2,"2":2,"3":2},"b":{},"_coverageSchema":"1a1c01bbd47fc00a2c39e90264f33305004495a9","hash":"374428f72764f59baf3919f5d83245af5e396922"}
,"/Users/alaneicker/Desktop/react-user-registration-and-login/src/pages/dashboard/index.js": {"path":"/Users/alaneicker/Desktop/react-user-registration-and-login/src/pages/dashboard/index.js","statementMap":{"0":{"start":{"line":9,"column":18},"end":{"line":70,"column":1}},"1":{"start":{"line":10,"column":30},"end":{"line":10,"column":52}},"2":{"start":{"line":11,"column":42},"end":{"line":11,"column":47}},"3":{"start":{"line":13,"column":2},"end":{"line":15,"column":9}},"4":{"start":{"line":14,"column":4},"end":{"line":14,"column":32}},"5":{"start":{"line":17,"column":17},"end":{"line":38,"column":3}},"6":{"start":{"line":18,"column":4},"end":{"line":37,"column":5}},"7":{"start":{"line":19,"column":23},"end":{"line":19,"column":99}},"8":{"start":{"line":20,"column":37},"end":{"line":20,"column":58}},"9":{"start":{"line":22,"column":6},"end":{"line":24,"column":7}},"10":{"start":{"line":23,"column":8},"end":{"line":23,"column":54}},"11":{"start":{"line":26,"column":6},"end":{"line":29,"column":9}},"12":{"start":{"line":31,"column":6},"end":{"line":31,"column":35}},"13":{"start":{"line":33,"column":6},"end":{"line":36,"column":9}},"14":{"start":{"line":40,"column":2},"end":{"line":69,"column":4}},"15":{"start":{"line":72,"column":0},"end":{"line":74,"column":2}}},"fnMap":{"0":{"name":"(anonymous_0)","decl":{"start":{"line":9,"column":18},"end":{"line":9,"column":19}},"loc":{"start":{"line":9,"column":27},"end":{"line":70,"column":1}},"line":9},"1":{"name":"(anonymous_1)","decl":{"start":{"line":13,"column":12},"end":{"line":13,"column":13}},"loc":{"start":{"line":13,"column":18},"end":{"line":15,"column":3}},"line":13},"2":{"name":"(anonymous_2)","decl":{"start":{"line":17,"column":17},"end":{"line":17,"column":18}},"loc":{"start":{"line":17,"column":29},"end":{"line":38,"column":3}},"line":17}},"branchMap":{"0":{"loc":{"start":{"line":22,"column":6},"end":{"line":24,"column":7}},"type":"if","locations":[{"start":{"line":22,"column":6},"end":{"line":24,"column":7}},{"start":{"line":22,"column":6},"end":{"line":24,"column":7}}],"line":22},"1":{"loc":{"start":{"line":22,"column":10},"end":{"line":22,"column":31}},"type":"binary-expr","locations":[{"start":{"line":22,"column":10},"end":{"line":22,"column":22}},{"start":{"line":22,"column":26},"end":{"line":22,"column":31}}],"line":22},"2":{"loc":{"start":{"line":23,"column":24},"end":{"line":23,"column":52}},"type":"binary-expr","locations":[{"start":{"line":23,"column":24},"end":{"line":23,"column":29}},{"start":{"line":23,"column":33},"end":{"line":23,"column":52}}],"line":23},"3":{"loc":{"start":{"line":58,"column":7},"end":{"line":67,"column":14}},"type":"cond-expr","locations":[{"start":{"line":59,"column":10},"end":{"line":66,"column":21}},{"start":{"line":67,"column":10},"end":{"line":67,"column":14}}],"line":58}},"s":{"0":3,"1":0,"2":0,"3":0,"4":0,"5":0,"6":0,"7":0,"8":0,"9":0,"10":0,"11":0,"12":0,"13":0,"14":0,"15":3},"f":{"0":0,"1":0,"2":0},"b":{"0":[0,0],"1":[0,0],"2":[0,0],"3":[0,0]},"_coverageSchema":"1a1c01bbd47fc00a2c39e90264f33305004495a9","hash":"035997d6e7a7e283d21b99d8dba2fa557a28b34e"}
,"/Users/alaneicker/Desktop/react-user-registration-and-login/src/pages/login/index.js": {"path":"/Users/alaneicker/Desktop/react-user-registration-and-login/src/pages/login/index.js","statementMap":{"0":{"start":{"line":7,"column":14},"end":{"line":52,"column":1}},"1":{"start":{"line":8,"column":23},"end":{"line":8,"column":45}},"2":{"start":{"line":9,"column":38},"end":{"line":9,"column":52}},"3":{"start":{"line":11,"column":25},"end":{"line":38,"column":3}},"4":{"start":{"line":12,"column":4},"end":{"line":37,"column":5}},"5":{"start":{"line":13,"column":6},"end":{"line":13,"column":56}},"6":{"start":{"line":15,"column":23},"end":{"line":22,"column":8}},"7":{"start":{"line":24,"column":55},"end":{"line":24,"column":76}},"8":{"start":{"line":26,"column":6},"end":{"line":28,"column":7}},"9":{"start":{"line":27,"column":8},"end":{"line":27,"column":31}},"10":{"start":{"line":30,"column":6},"end":{"line":30,"column":57}},"11":{"start":{"line":31,"column":6},"end":{"line":31,"column":69}},"12":{"start":{"line":33,"column":6},"end":{"line":33,"column":39}},"13":{"start":{"line":35,"column":6},"end":{"line":35,"column":57}},"14":{"start":{"line":36,"column":6},"end":{"line":36,"column":34}},"15":{"start":{"line":40,"column":2},"end":{"line":51,"column":4}},"16":{"start":{"line":54,"column":0},"end":{"line":56,"column":2}}},"fnMap":{"0":{"name":"(anonymous_0)","decl":{"start":{"line":7,"column":14},"end":{"line":7,"column":15}},"loc":{"start":{"line":7,"column":23},"end":{"line":52,"column":1}},"line":7},"1":{"name":"(anonymous_1)","decl":{"start":{"line":11,"column":25},"end":{"line":11,"column":26}},"loc":{"start":{"line":11,"column":45},"end":{"line":38,"column":3}},"line":11}},"branchMap":{"0":{"loc":{"start":{"line":26,"column":6},"end":{"line":28,"column":7}},"type":"if","locations":[{"start":{"line":26,"column":6},"end":{"line":28,"column":7}},{"start":{"line":26,"column":6},"end":{"line":28,"column":7}}],"line":26},"1":{"loc":{"start":{"line":26,"column":10},"end":{"line":26,"column":30}},"type":"binary-expr","locations":[{"start":{"line":26,"column":10},"end":{"line":26,"column":21}},{"start":{"line":26,"column":25},"end":{"line":26,"column":30}}],"line":26}},"s":{"0":3,"1":0,"2":0,"3":0,"4":0,"5":0,"6":0,"7":0,"8":0,"9":0,"10":0,"11":0,"12":0,"13":0,"14":0,"15":0,"16":3},"f":{"0":0,"1":0},"b":{"0":[0,0],"1":[0,0]},"_coverageSchema":"1a1c01bbd47fc00a2c39e90264f33305004495a9","hash":"307167751a1d75c6480d5fda61a9ad0b6e4f29ab"}
,"/Users/alaneicker/Desktop/react-user-registration-and-login/src/pages/register/index.js": {"path":"/Users/alaneicker/Desktop/react-user-registration-and-login/src/pages/register/index.js","statementMap":{"0":{"start":{"line":7,"column":17},"end":{"line":56,"column":1}},"1":{"start":{"line":8,"column":23},"end":{"line":8,"column":45}},"2":{"start":{"line":9,"column":38},"end":{"line":9,"column":52}},"3":{"start":{"line":11,"column":25},"end":{"line":42,"column":3}},"4":{"start":{"line":12,"column":4},"end":{"line":41,"column":5}},"5":{"start":{"line":13,"column":6},"end":{"line":13,"column":56}},"6":{"start":{"line":15,"column":23},"end":{"line":22,"column":8}},"7":{"start":{"line":24,"column":32},"end":{"line":24,"column":53}},"8":{"start":{"line":26,"column":6},"end":{"line":28,"column":7}},"9":{"start":{"line":27,"column":8},"end":{"line":27,"column":58}},"10":{"start":{"line":30,"column":6},"end":{"line":30,"column":57}},"11":{"start":{"line":32,"column":6},"end":{"line":35,"column":9}},"12":{"start":{"line":37,"column":6},"end":{"line":37,"column":35}},"13":{"start":{"line":39,"column":6},"end":{"line":39,"column":57}},"14":{"start":{"line":40,"column":6},"end":{"line":40,"column":34}},"15":{"start":{"line":44,"column":2},"end":{"line":55,"column":4}},"16":{"start":{"line":58,"column":0},"end":{"line":60,"column":2}}},"fnMap":{"0":{"name":"(anonymous_0)","decl":{"start":{"line":7,"column":17},"end":{"line":7,"column":18}},"loc":{"start":{"line":7,"column":26},"end":{"line":56,"column":1}},"line":7},"1":{"name":"(anonymous_1)","decl":{"start":{"line":11,"column":25},"end":{"line":11,"column":26}},"loc":{"start":{"line":11,"column":45},"end":{"line":42,"column":3}},"line":11}},"branchMap":{"0":{"loc":{"start":{"line":26,"column":6},"end":{"line":28,"column":7}},"type":"if","locations":[{"start":{"line":26,"column":6},"end":{"line":28,"column":7}},{"start":{"line":26,"column":6},"end":{"line":28,"column":7}}],"line":26},"1":{"loc":{"start":{"line":26,"column":10},"end":{"line":26,"column":26}},"type":"binary-expr","locations":[{"start":{"line":26,"column":10},"end":{"line":26,"column":17}},{"start":{"line":26,"column":21},"end":{"line":26,"column":26}}],"line":26},"2":{"loc":{"start":{"line":27,"column":24},"end":{"line":27,"column":56}},"type":"binary-expr","locations":[{"start":{"line":27,"column":24},"end":{"line":27,"column":29}},{"start":{"line":27,"column":33},"end":{"line":27,"column":56}}],"line":27}},"s":{"0":3,"1":0,"2":0,"3":0,"4":0,"5":0,"6":0,"7":0,"8":0,"9":0,"10":0,"11":0,"12":0,"13":0,"14":0,"15":0,"16":3},"f":{"0":0,"1":0},"b":{"0":[0,0],"1":[0,0],"2":[0,0]},"_coverageSchema":"1a1c01bbd47fc00a2c39e90264f33305004495a9","hash":"b9313a602c9b8f26c9b1ddd6ef6a07889738c266"}
,"/Users/alaneicker/Desktop/react-user-registration-and-login/src/reducers/index.js": {"path":"/Users/alaneicker/Desktop/react-user-registration-and-login/src/reducers/index.js","statementMap":{"0":{"start":{"line":1,"column":28},"end":{"line":9,"column":1}},"1":{"start":{"line":11,"column":23},"end":{"line":26,"column":1}},"2":{"start":{"line":12,"column":22},"end":{"line":12,"column":28}},"3":{"start":{"line":14,"column":2},"end":{"line":25,"column":3}},"4":{"start":{"line":16,"column":6},"end":{"line":16,"column":48}},"5":{"start":{"line":18,"column":6},"end":{"line":18,"column":44}},"6":{"start":{"line":20,"column":6},"end":{"line":20,"column":41}},"7":{"start":{"line":22,"column":6},"end":{"line":22,"column":42}},"8":{"start":{"line":24,"column":6},"end":{"line":24,"column":19}}},"fnMap":{"0":{"name":"(anonymous_0)","decl":{"start":{"line":11,"column":23},"end":{"line":11,"column":24}},"loc":{"start":{"line":11,"column":42},"end":{"line":26,"column":1}},"line":11}},"branchMap":{"0":{"loc":{"start":{"line":14,"column":2},"end":{"line":25,"column":3}},"type":"switch","locations":[{"start":{"line":15,"column":4},"end":{"line":16,"column":48}},{"start":{"line":17,"column":4},"end":{"line":18,"column":44}},{"start":{"line":19,"column":4},"end":{"line":20,"column":41}},{"start":{"line":21,"column":4},"end":{"line":22,"column":42}},{"start":{"line":23,"column":4},"end":{"line":24,"column":19}}],"line":14}},"s":{"0":3,"1":3,"2":0,"3":0,"4":0,"5":0,"6":0,"7":0,"8":0},"f":{"0":0},"b":{"0":[0,0,0,0,0]},"_coverageSchema":"1a1c01bbd47fc00a2c39e90264f33305004495a9","hash":"b297cd8878b0d1a0ec3915046a6409c3d10b11a1"}
}
